-------------------------------------------------------------------------------
Test set: TestSuite
-------------------------------------------------------------------------------
Tests run: 1, Failures: 1, Errors: 0, Skipped: 0, Time elapsed: 45.678 s <<< FAILURE! - in TestSuite
com.seleniumadvanced.github.PositiveTests.logInTest  Time elapsed: 44.143 s  <<< FAILURE!
java.lang.AssertionError: expected [http://the-internet.herokuapp.com/secure] but found [http://the-internet.herokuapp.com/login]
	at com.seleniumadvanced.github.PositiveTests.logInTest(PositiveTests.java:46)

